Using pre-set license
Built from '2020.3/staging' branch; Version is '2020.3.11f1 (99c7afb366b3) revision 10078127'; Using compiler version '192528614'; Build Type 'Release'
OS: 'Windows 10 Pro; OS build 19044.1466; Version 2009; 64bit' Language: 'es' Physical Memory: 16333 MB
BatchMode: 1, IsHumanControllingUs: 0, StartBugReporterOnCrash: 0, Is64bit: 1, IsPro: 0

 COMMAND LINE ARGUMENTS:
C:\Program Files\Unity\Hub\Editor\2020.3.11f1\Editor\Unity.exe
-adb2
-batchMode
-noUpm
-name
AssetImportWorker0
-projectPath
D:/Documentos/Proyectos Unity/Junior-programmer-pathway-Final-Project
-logFile
Logs/AssetImportWorker0.log
-srvPort
61499
Successfully changed project path to: D:/Documentos/Proyectos Unity/Junior-programmer-pathway-Final-Project
D:/Documentos/Proyectos Unity/Junior-programmer-pathway-Final-Project
Using Asset Import Pipeline V2.
Refreshing native plugins compatible for Editor in 31.56 ms, found 2 plugins.
Preloading 0 native plugins for Editor in 0.00 ms.
Initialize engine version: 2020.3.11f1 (99c7afb366b3)
[Subsystems] Discovering subsystems at path C:/Program Files/Unity/Hub/Editor/2020.3.11f1/Editor/Data/Resources/UnitySubsystems
[Subsystems] Discovering subsystems at path D:/Documentos/Proyectos Unity/Junior-programmer-pathway-Final-Project/Assets
GfxDevice: creating device client; threaded=0
Direct3D:
    Version:  Direct3D 11.0 [level 11.1]
    Renderer: NVIDIA GeForce GTX 1660 SUPER (ID=0x21c4)
    Vendor:   
    VRAM:     5991 MB
    Driver:   30.0.14.9709
Initialize mono
Mono path[0] = 'C:/Program Files/Unity/Hub/Editor/2020.3.11f1/Editor/Data/Managed'
Mono path[1] = 'C:/Program Files/Unity/Hub/Editor/2020.3.11f1/Editor/Data/MonoBleedingEdge/lib/mono/unityjit'
Mono config path = 'C:/Program Files/Unity/Hub/Editor/2020.3.11f1/Editor/Data/MonoBleedingEdge/etc'
Using monoOptions --debugger-agent=transport=dt_socket,embedding=1,server=y,suspend=n,address=127.0.0.1:56896
Begin MonoManager ReloadAssembly
Registering precompiled unity dll's ...
Register platform support module: C:/Program Files/Unity/Hub/Editor/2020.3.11f1/Editor/Data/PlaybackEngines/WebGLSupport/UnityEditor.WebGL.Extensions.dll
Register platform support module: C:/Program Files/Unity/Hub/Editor/2020.3.11f1/Editor/Data/PlaybackEngines/WindowsStandaloneSupport/UnityEditor.WindowsStandalone.Extensions.dll
Registered in 0.003232 seconds.
Native extension for WindowsStandalone target not found
Native extension for WebGL target not found
Refreshing native plugins compatible for Editor in 31.07 ms, found 2 plugins.
Preloading 0 native plugins for Editor in 0.00 ms.
Mono: successfully reloaded assembly
- Completed reload, in  1.454 seconds
Platform modules already initialized, skipping
Registering precompiled user dll's ...
Registered in 0.004389 seconds.
Begin MonoManager ReloadAssembly
Native extension for WindowsStandalone target not found
Native extension for WebGL target not found
Refreshing native plugins compatible for Editor in 0.34 ms, found 2 plugins.
Preloading 0 native plugins for Editor in 0.00 ms.
Mono: successfully reloaded assembly
- Completed reload, in  1.100 seconds
Platform modules already initialized, skipping
========================================================================
Worker process is ready to serve import requests
Launched and connected shader compiler UnityShaderCompiler.exe after 0.06 seconds
Refreshing native plugins compatible for Editor in 0.33 ms, found 2 plugins.
Preloading 0 native plugins for Editor in 0.00 ms.
Unloading 1399 Unused Serialized files (Serialized files now loaded: 0)
System memory in use before: 65.2 MB.
System memory in use after: 65.3 MB.

Unloading 19 unused Assets to reduce memory usage. Loaded Objects now: 1833.
Total: 1.949500 ms (FindLiveObjects: 0.167800 ms CreateObjectMapping: 0.034100 ms MarkObjects: 1.662100 ms  DeleteObjects: 0.084400 ms)

========================================================================
Received Import Request.
  path: Assets/Prefabs/Fast Proyectile.prefab
  artifactKey: Guid(ca7994970948458479fc320687fd129d) Importer(815301076,1909f56bfc062723c751e8b465ee728b)
Start importing Assets/Prefabs/Fast Proyectile.prefab using Guid(ca7994970948458479fc320687fd129d) Importer(815301076,1909f56bfc062723c751e8b465ee728b)  -> (artifact id: '7da190da5b242d03f6566189cd380a81') in 0.135051 seconds
  Import took 0.137461 seconds .

========================================================================
Received Prepare
Registering precompiled user dll's ...
Registered in 0.006097 seconds.
Begin MonoManager ReloadAssembly
Native extension for WindowsStandalone target not found
Native extension for WebGL target not found
Refreshing native plugins compatible for Editor in 0.46 ms, found 2 plugins.
Preloading 0 native plugins for Editor in 0.00 ms.
Mono: successfully reloaded assembly
- Completed reload, in  1.082 seconds
Platform modules already initialized, skipping
Refreshing native plugins compatible for Editor in 0.36 ms, found 2 plugins.
Preloading 0 native plugins for Editor in 0.00 ms.
Unloading 1394 Unused Serialized files (Serialized files now loaded: 0)
System memory in use before: 68.3 MB.
System memory in use after: 68.4 MB.

Unloading 14 unused Assets to reduce memory usage. Loaded Objects now: 1844.
Total: 1.891700 ms (FindLiveObjects: 0.148300 ms CreateObjectMapping: 0.034700 ms MarkObjects: 1.648300 ms  DeleteObjects: 0.059200 ms)

========================================================================
Received Import Request.
  Time since last request: 140.162099 seconds.
  path: Assets/Prefabs/Fast Proyectile.prefab
  artifactKey: Guid(ca7994970948458479fc320687fd129d) Importer(815301076,1909f56bfc062723c751e8b465ee728b)
Start importing Assets/Prefabs/Fast Proyectile.prefab using Guid(ca7994970948458479fc320687fd129d) Importer(815301076,1909f56bfc062723c751e8b465ee728b)  -> (artifact id: '6307d67ad799e62f0db5cef504ab1d41') in 0.066596 seconds
  Import took 0.069302 seconds .

========================================================================
Received Prepare
Registering precompiled user dll's ...
Registered in 0.004621 seconds.
Begin MonoManager ReloadAssembly
Native extension for WindowsStandalone target not found
Native extension for WebGL target not found
Refreshing native plugins compatible for Editor in 0.35 ms, found 2 plugins.
Preloading 0 native plugins for Editor in 0.00 ms.
Mono: successfully reloaded assembly
- Completed reload, in  1.082 seconds
Platform modules already initialized, skipping
Refreshing native plugins compatible for Editor in 0.35 ms, found 2 plugins.
Preloading 0 native plugins for Editor in 0.00 ms.
Unloading 1394 Unused Serialized files (Serialized files now loaded: 0)
System memory in use before: 68.3 MB.
System memory in use after: 68.4 MB.

Unloading 14 unused Assets to reduce memory usage. Loaded Objects now: 1848.
Total: 2.038700 ms (FindLiveObjects: 0.156800 ms CreateObjectMapping: 0.034900 ms MarkObjects: 1.773500 ms  DeleteObjects: 0.072300 ms)

========================================================================
Received Import Request.
  Time since last request: 268.285000 seconds.
  path: Assets/Scripts/HeavyProjectile.cs
  artifactKey: Guid(7d5d209ce59475e439e178bb3a1b6b84) Importer(815301076,1909f56bfc062723c751e8b465ee728b)
Start importing Assets/Scripts/HeavyProjectile.cs using Guid(7d5d209ce59475e439e178bb3a1b6b84) Importer(815301076,1909f56bfc062723c751e8b465ee728b)  -> (artifact id: '00b2c8ecd76247b58448b14f4d02e483') in 0.016570 seconds
  Import took 0.019453 seconds .

========================================================================
Received Import Request.
  Time since last request: 0.001264 seconds.
  path: Assets/Scripts/HeavyProjectile.cs
  artifactKey: Guid(7d5d209ce59475e439e178bb3a1b6b84) Importer(815301076,1909f56bfc062723c751e8b465ee728b)
Start importing Assets/Scripts/HeavyProjectile.cs using Guid(7d5d209ce59475e439e178bb3a1b6b84) Importer(815301076,1909f56bfc062723c751e8b465ee728b)  -> (artifact id: '00b2c8ecd76247b58448b14f4d02e483') in 0.003192 seconds
  Import took 0.006139 seconds .

========================================================================
Received Prepare
Registering precompiled user dll's ...
Registered in 0.005059 seconds.
Begin MonoManager ReloadAssembly
Native extension for WindowsStandalone target not found
Native extension for WebGL target not found
Refreshing native plugins compatible for Editor in 0.35 ms, found 2 plugins.
Preloading 0 native plugins for Editor in 0.00 ms.
Mono: successfully reloaded assembly
- Completed reload, in  1.064 seconds
Platform modules already initialized, skipping
Refreshing native plugins compatible for Editor in 0.34 ms, found 2 plugins.
Preloading 0 native plugins for Editor in 0.00 ms.
Unloading 1395 Unused Serialized files (Serialized files now loaded: 0)
System memory in use before: 68.4 MB.
System memory in use after: 68.4 MB.

Unloading 14 unused Assets to reduce memory usage. Loaded Objects now: 1852.
Total: 1.885700 ms (FindLiveObjects: 0.161100 ms CreateObjectMapping: 0.033700 ms MarkObjects: 1.633200 ms  DeleteObjects: 0.056600 ms)

========================================================================
Received Import Request.
  Time since last request: 491.888384 seconds.
  path: Assets/Scripts/HeavyProjectile.cs
  artifactKey: Guid(7d5d209ce59475e439e178bb3a1b6b84) Importer(815301076,1909f56bfc062723c751e8b465ee728b)
Start importing Assets/Scripts/HeavyProjectile.cs using Guid(7d5d209ce59475e439e178bb3a1b6b84) Importer(815301076,1909f56bfc062723c751e8b465ee728b)  -> (artifact id: '491065590dcb8ba217a77b65121ba491') in 0.007970 seconds
  Import took 0.010593 seconds .

========================================================================
Received Import Request.
  Time since last request: 0.005200 seconds.
  path: Assets/Scripts/HeavyProjectile.cs
  artifactKey: Guid(7d5d209ce59475e439e178bb3a1b6b84) Importer(815301076,1909f56bfc062723c751e8b465ee728b)
Start importing Assets/Scripts/HeavyProjectile.cs using Guid(7d5d209ce59475e439e178bb3a1b6b84) Importer(815301076,1909f56bfc062723c751e8b465ee728b)  -> (artifact id: '491065590dcb8ba217a77b65121ba491') in 0.003804 seconds
  Import took 0.006553 seconds .

========================================================================
Received Prepare
Registering precompiled user dll's ...
Registered in 0.004874 seconds.
Begin MonoManager ReloadAssembly
Native extension for WindowsStandalone target not found
Native extension for WebGL target not found
Refreshing native plugins compatible for Editor in 0.42 ms, found 2 plugins.
Preloading 0 native plugins for Editor in 0.00 ms.
Mono: successfully reloaded assembly
- Completed reload, in  1.054 seconds
Platform modules already initialized, skipping
Refreshing native plugins compatible for Editor in 0.35 ms, found 2 plugins.
Preloading 0 native plugins for Editor in 0.00 ms.
Unloading 1395 Unused Serialized files (Serialized files now loaded: 0)
System memory in use before: 68.4 MB.
System memory in use after: 68.4 MB.

Unloading 14 unused Assets to reduce memory usage. Loaded Objects now: 1855.
Total: 2.114700 ms (FindLiveObjects: 0.165500 ms CreateObjectMapping: 0.035200 ms MarkObjects: 1.845700 ms  DeleteObjects: 0.067100 ms)

========================================================================
Received Prepare
Registering precompiled user dll's ...
Registered in 0.004439 seconds.
Begin MonoManager ReloadAssembly
Native extension for WindowsStandalone target not found
Native extension for WebGL target not found
Refreshing native plugins compatible for Editor in 0.34 ms, found 2 plugins.
Preloading 0 native plugins for Editor in 0.00 ms.
Mono: successfully reloaded assembly
- Completed reload, in  1.110 seconds
Platform modules already initialized, skipping
Refreshing native plugins compatible for Editor in 0.35 ms, found 2 plugins.
Preloading 0 native plugins for Editor in 0.00 ms.
Unloading 1395 Unused Serialized files (Serialized files now loaded: 0)
System memory in use before: 68.4 MB.
System memory in use after: 68.5 MB.

Unloading 14 unused Assets to reduce memory usage. Loaded Objects now: 1858.
Total: 1.938800 ms (FindLiveObjects: 0.152200 ms CreateObjectMapping: 0.033100 ms MarkObjects: 1.691700 ms  DeleteObjects: 0.060800 ms)

========================================================================
Received Import Request.
  Time since last request: 564.721392 seconds.
  path: ProjectSettings/TagManager.asset
  artifactKey: Guid(00000000000000003000000000000000) Importer(815301076,1909f56bfc062723c751e8b465ee728b)
Start importing ProjectSettings/TagManager.asset using Guid(00000000000000003000000000000000) Importer(815301076,1909f56bfc062723c751e8b465ee728b)  -> (artifact id: '7e785c0a8aaa678afbb9060f23ee6086') in 0.026728 seconds
  Import took 0.029694 seconds .

========================================================================
Received Prepare
Registering precompiled user dll's ...
Registered in 0.004938 seconds.
Begin MonoManager ReloadAssembly
Native extension for WindowsStandalone target not found
Native extension for WebGL target not found
Refreshing native plugins compatible for Editor in 0.35 ms, found 2 plugins.
Preloading 0 native plugins for Editor in 0.00 ms.
Mono: successfully reloaded assembly
- Completed reload, in  1.057 seconds
Platform modules already initialized, skipping
Refreshing native plugins compatible for Editor in 0.36 ms, found 2 plugins.
Preloading 0 native plugins for Editor in 0.00 ms.
Unloading 1395 Unused Serialized files (Serialized files now loaded: 0)
System memory in use before: 68.4 MB.
System memory in use after: 68.5 MB.

Unloading 15 unused Assets to reduce memory usage. Loaded Objects now: 1861.
Total: 1.916800 ms (FindLiveObjects: 0.157300 ms CreateObjectMapping: 0.035100 ms MarkObjects: 1.662600 ms  DeleteObjects: 0.060500 ms)

========================================================================
Received Prepare
Registering precompiled user dll's ...
Registered in 0.004424 seconds.
Begin MonoManager ReloadAssembly
Native extension for WindowsStandalone target not found
Native extension for WebGL target not found
Refreshing native plugins compatible for Editor in 0.35 ms, found 2 plugins.
Preloading 0 native plugins for Editor in 0.00 ms.
Mono: successfully reloaded assembly
- Completed reload, in  1.052 seconds
Platform modules already initialized, skipping
Refreshing native plugins compatible for Editor in 0.36 ms, found 2 plugins.
Preloading 0 native plugins for Editor in 0.00 ms.
Unloading 1395 Unused Serialized files (Serialized files now loaded: 0)
System memory in use before: 68.4 MB.
System memory in use after: 68.5 MB.

Unloading 14 unused Assets to reduce memory usage. Loaded Objects now: 1864.
Total: 2.018300 ms (FindLiveObjects: 0.178300 ms CreateObjectMapping: 0.033400 ms MarkObjects: 1.744900 ms  DeleteObjects: 0.060700 ms)

========================================================================
Received Prepare
Registering precompiled user dll's ...
Registered in 0.005558 seconds.
Begin MonoManager ReloadAssembly
Native extension for WindowsStandalone target not found
Native extension for WebGL target not found
Refreshing native plugins compatible for Editor in 0.46 ms, found 2 plugins.
Preloading 0 native plugins for Editor in 0.00 ms.
Mono: successfully reloaded assembly
- Completed reload, in  1.065 seconds
Platform modules already initialized, skipping
Refreshing native plugins compatible for Editor in 0.43 ms, found 2 plugins.
Preloading 0 native plugins for Editor in 0.00 ms.
Unloading 1395 Unused Serialized files (Serialized files now loaded: 0)
System memory in use before: 68.4 MB.
System memory in use after: 68.5 MB.

Unloading 14 unused Assets to reduce memory usage. Loaded Objects now: 1867.
Total: 2.436900 ms (FindLiveObjects: 0.176800 ms CreateObjectMapping: 0.046700 ms MarkObjects: 2.141600 ms  DeleteObjects: 0.070500 ms)

========================================================================
Received Prepare
Registering precompiled user dll's ...
Registered in 0.004503 seconds.
Begin MonoManager ReloadAssembly
Native extension for WindowsStandalone target not found
Native extension for WebGL target not found
Refreshing native plugins compatible for Editor in 0.35 ms, found 2 plugins.
Preloading 0 native plugins for Editor in 0.00 ms.
Mono: successfully reloaded assembly
- Completed reload, in  1.027 seconds
Platform modules already initialized, skipping
Refreshing native plugins compatible for Editor in 0.34 ms, found 2 plugins.
Preloading 0 native plugins for Editor in 0.00 ms.
Unloading 1395 Unused Serialized files (Serialized files now loaded: 0)
System memory in use before: 68.4 MB.
System memory in use after: 68.5 MB.

Unloading 14 unused Assets to reduce memory usage. Loaded Objects now: 1870.
Total: 1.957600 ms (FindLiveObjects: 0.165800 ms CreateObjectMapping: 0.032500 ms MarkObjects: 1.695700 ms  DeleteObjects: 0.062500 ms)

========================================================================
Received Prepare
Registering precompiled user dll's ...
Registered in 0.004843 seconds.
Begin MonoManager ReloadAssembly
Native extension for WindowsStandalone target not found
Native extension for WebGL target not found
Refreshing native plugins compatible for Editor in 0.36 ms, found 2 plugins.
Preloading 0 native plugins for Editor in 0.00 ms.
Mono: successfully reloaded assembly
- Completed reload, in  1.033 seconds
Platform modules already initialized, skipping
Refreshing native plugins compatible for Editor in 0.35 ms, found 2 plugins.
Preloading 0 native plugins for Editor in 0.00 ms.
Unloading 1395 Unused Serialized files (Serialized files now loaded: 0)
System memory in use before: 68.4 MB.
System memory in use after: 68.5 MB.

Unloading 14 unused Assets to reduce memory usage. Loaded Objects now: 1873.
Total: 1.933800 ms (FindLiveObjects: 0.166500 ms CreateObjectMapping: 0.033900 ms MarkObjects: 1.669900 ms  DeleteObjects: 0.062500 ms)

========================================================================
Received Import Request.
  Time since last request: 300.936494 seconds.
  path: Assets/Scripts/Enemies/Enemy.cs
  artifactKey: Guid(0f18dde5172f5474890abc3cf7286a03) Importer(815301076,1909f56bfc062723c751e8b465ee728b)
Start importing Assets/Scripts/Enemies/Enemy.cs using Guid(0f18dde5172f5474890abc3cf7286a03) Importer(815301076,1909f56bfc062723c751e8b465ee728b)  -> (artifact id: '5bd03225150073df338877b6a6ae14a3') in 0.020701 seconds
  Import took 0.023178 seconds .

========================================================================
Received Prepare
Registering precompiled user dll's ...
Registered in 0.004400 seconds.
Begin MonoManager ReloadAssembly
Native extension for WindowsStandalone target not found
Native extension for WebGL target not found
Refreshing native plugins compatible for Editor in 0.35 ms, found 2 plugins.
Preloading 0 native plugins for Editor in 0.00 ms.
Mono: successfully reloaded assembly
- Completed reload, in  1.033 seconds
Platform modules already initialized, skipping
Refreshing native plugins compatible for Editor in 0.46 ms, found 2 plugins.
Preloading 0 native plugins for Editor in 0.00 ms.
Unloading 1395 Unused Serialized files (Serialized files now loaded: 0)
System memory in use before: 68.4 MB.
System memory in use after: 68.5 MB.

Unloading 14 unused Assets to reduce memory usage. Loaded Objects now: 1876.
Total: 2.003800 ms (FindLiveObjects: 0.154600 ms CreateObjectMapping: 0.033900 ms MarkObjects: 1.753300 ms  DeleteObjects: 0.061000 ms)

========================================================================
Received Prepare
Registering precompiled user dll's ...
Registered in 0.004960 seconds.
Begin MonoManager ReloadAssembly
Native extension for WindowsStandalone target not found
Native extension for WebGL target not found
Refreshing native plugins compatible for Editor in 0.39 ms, found 2 plugins.
Preloading 0 native plugins for Editor in 0.00 ms.
Mono: successfully reloaded assembly
- Completed reload, in  1.035 seconds
Platform modules already initialized, skipping
Refreshing native plugins compatible for Editor in 0.34 ms, found 2 plugins.
Preloading 0 native plugins for Editor in 0.00 ms.
Unloading 1395 Unused Serialized files (Serialized files now loaded: 0)
System memory in use before: 68.4 MB.
System memory in use after: 68.5 MB.

Unloading 14 unused Assets to reduce memory usage. Loaded Objects now: 1879.
Total: 1.887200 ms (FindLiveObjects: 0.156700 ms CreateObjectMapping: 0.032600 ms MarkObjects: 1.639200 ms  DeleteObjects: 0.057800 ms)

========================================================================
Received Prepare
Registering precompiled user dll's ...
Registered in 0.004468 seconds.
Begin MonoManager ReloadAssembly
Native extension for WindowsStandalone target not found
Native extension for WebGL target not found
Refreshing native plugins compatible for Editor in 0.37 ms, found 2 plugins.
Preloading 0 native plugins for Editor in 0.00 ms.
Mono: successfully reloaded assembly
- Completed reload, in  1.041 seconds
Platform modules already initialized, skipping
Refreshing native plugins compatible for Editor in 0.35 ms, found 2 plugins.
Preloading 0 native plugins for Editor in 0.00 ms.
Unloading 1395 Unused Serialized files (Serialized files now loaded: 0)
System memory in use before: 68.4 MB.
System memory in use after: 68.5 MB.

Unloading 14 unused Assets to reduce memory usage. Loaded Objects now: 1882.
Total: 1.946600 ms (FindLiveObjects: 0.159000 ms CreateObjectMapping: 0.034700 ms MarkObjects: 1.689900 ms  DeleteObjects: 0.061600 ms)

========================================================================
Received Prepare
Registering precompiled user dll's ...
Registered in 0.004497 seconds.
Begin MonoManager ReloadAssembly
Native extension for WindowsStandalone target not found
Native extension for WebGL target not found
Refreshing native plugins compatible for Editor in 0.34 ms, found 2 plugins.
Preloading 0 native plugins for Editor in 0.00 ms.
Mono: successfully reloaded assembly
- Completed reload, in  1.028 seconds
Platform modules already initialized, skipping
Refreshing native plugins compatible for Editor in 0.37 ms, found 2 plugins.
Preloading 0 native plugins for Editor in 0.00 ms.
Unloading 1395 Unused Serialized files (Serialized files now loaded: 0)
System memory in use before: 68.5 MB.
System memory in use after: 68.5 MB.

Unloading 14 unused Assets to reduce memory usage. Loaded Objects now: 1885.
Total: 1.997400 ms (FindLiveObjects: 0.157800 ms CreateObjectMapping: 0.034500 ms MarkObjects: 1.735300 ms  DeleteObjects: 0.068500 ms)

========================================================================
Received Prepare
Registering precompiled user dll's ...
Registered in 0.004584 seconds.
Begin MonoManager ReloadAssembly
Native extension for WindowsStandalone target not found
Native extension for WebGL target not found
Refreshing native plugins compatible for Editor in 0.36 ms, found 2 plugins.
Preloading 0 native plugins for Editor in 0.00 ms.
Mono: successfully reloaded assembly
- Completed reload, in  1.030 seconds
Platform modules already initialized, skipping
Refreshing native plugins compatible for Editor in 0.35 ms, found 2 plugins.
Preloading 0 native plugins for Editor in 0.00 ms.
Unloading 1395 Unused Serialized files (Serialized files now loaded: 0)
System memory in use before: 68.5 MB.
System memory in use after: 68.5 MB.

Unloading 14 unused Assets to reduce memory usage. Loaded Objects now: 1888.
Total: 2.078400 ms (FindLiveObjects: 0.181900 ms CreateObjectMapping: 0.034800 ms MarkObjects: 1.796100 ms  DeleteObjects: 0.064000 ms)

========================================================================
Received Prepare
Registering precompiled user dll's ...
Registered in 0.006291 seconds.
Begin MonoManager ReloadAssembly
Native extension for WindowsStandalone target not found
Native extension for WebGL target not found
Refreshing native plugins compatible for Editor in 0.39 ms, found 2 plugins.
Preloading 0 native plugins for Editor in 0.00 ms.
Mono: successfully reloaded assembly
- Completed reload, in  1.045 seconds
Platform modules already initialized, skipping
Refreshing native plugins compatible for Editor in 0.36 ms, found 2 plugins.
Preloading 0 native plugins for Editor in 0.00 ms.
Unloading 1395 Unused Serialized files (Serialized files now loaded: 0)
System memory in use before: 68.5 MB.
System memory in use after: 68.5 MB.

Unloading 14 unused Assets to reduce memory usage. Loaded Objects now: 1891.
Total: 2.078400 ms (FindLiveObjects: 0.170600 ms CreateObjectMapping: 0.034400 ms MarkObjects: 1.808600 ms  DeleteObjects: 0.063900 ms)

========================================================================
Received Prepare
Registering precompiled user dll's ...
Registered in 0.004443 seconds.
Begin MonoManager ReloadAssembly
Native extension for WindowsStandalone target not found
Native extension for WebGL target not found
Refreshing native plugins compatible for Editor in 0.36 ms, found 2 plugins.
Preloading 0 native plugins for Editor in 0.00 ms.
Mono: successfully reloaded assembly
- Completed reload, in  1.062 seconds
Platform modules already initialized, skipping
Refreshing native plugins compatible for Editor in 0.40 ms, found 2 plugins.
Preloading 0 native plugins for Editor in 0.00 ms.
Unloading 1395 Unused Serialized files (Serialized files now loaded: 0)
System memory in use before: 68.5 MB.
System memory in use after: 68.6 MB.

Unloading 14 unused Assets to reduce memory usage. Loaded Objects now: 1894.
Total: 1.958900 ms (FindLiveObjects: 0.170400 ms CreateObjectMapping: 0.032900 ms MarkObjects: 1.697300 ms  DeleteObjects: 0.057200 ms)

========================================================================
Received Import Request.
  Time since last request: 590.947289 seconds.
  path: Assets/Prefabs/Ammo
  artifactKey: Guid(2aaa2bdc01261ff44b1d170e014dbbf8) Importer(815301076,1909f56bfc062723c751e8b465ee728b)
Start importing Assets/Prefabs/Ammo using Guid(2aaa2bdc01261ff44b1d170e014dbbf8) Importer(815301076,1909f56bfc062723c751e8b465ee728b)  -> (artifact id: '7d2cd7099a751aaaf7a2eca787287fc7') in 0.009774 seconds
  Import took 0.012100 seconds .

========================================================================
Received Prepare
Registering precompiled user dll's ...
Registered in 0.005187 seconds.
Begin MonoManager ReloadAssembly
Native extension for WindowsStandalone target not found
Native extension for WebGL target not found
Refreshing native plugins compatible for Editor in 0.35 ms, found 2 plugins.
Preloading 0 native plugins for Editor in 0.00 ms.
Mono: successfully reloaded assembly
- Completed reload, in  1.050 seconds
Platform modules already initialized, skipping
Refreshing native plugins compatible for Editor in 0.37 ms, found 2 plugins.
Preloading 0 native plugins for Editor in 0.00 ms.
Unloading 1395 Unused Serialized files (Serialized files now loaded: 0)
System memory in use before: 68.5 MB.
System memory in use after: 68.6 MB.

Unloading 14 unused Assets to reduce memory usage. Loaded Objects now: 1897.
Total: 2.121700 ms (FindLiveObjects: 0.178000 ms CreateObjectMapping: 0.033200 ms MarkObjects: 1.848400 ms  DeleteObjects: 0.061000 ms)

========================================================================
Received Import Request.
  Time since last request: 59.049491 seconds.
  path: Assets/Prefabs/Ammo/Cannon Ball.prefab
  artifactKey: Guid(85df53ae83b31e4428ecdf110623c6f7) Importer(815301076,1909f56bfc062723c751e8b465ee728b)
Start importing Assets/Prefabs/Ammo/Cannon Ball.prefab using Guid(85df53ae83b31e4428ecdf110623c6f7) Importer(815301076,1909f56bfc062723c751e8b465ee728b)  -> (artifact id: 'ba6554c652cb1c6406e1f4d04d791dc5') in 0.076922 seconds
  Import took 0.079427 seconds .

========================================================================
Received Prepare
Registering precompiled user dll's ...
Registered in 0.004448 seconds.
Begin MonoManager ReloadAssembly
Native extension for WindowsStandalone target not found
Native extension for WebGL target not found
Refreshing native plugins compatible for Editor in 0.36 ms, found 2 plugins.
Preloading 0 native plugins for Editor in 0.00 ms.
Mono: successfully reloaded assembly
- Completed reload, in  1.059 seconds
Platform modules already initialized, skipping
Refreshing native plugins compatible for Editor in 0.36 ms, found 2 plugins.
Preloading 0 native plugins for Editor in 0.00 ms.
Unloading 1395 Unused Serialized files (Serialized files now loaded: 0)
System memory in use before: 68.5 MB.
System memory in use after: 68.6 MB.

Unloading 14 unused Assets to reduce memory usage. Loaded Objects now: 1902.
Total: 2.356700 ms (FindLiveObjects: 0.172500 ms CreateObjectMapping: 0.034700 ms MarkObjects: 2.083900 ms  DeleteObjects: 0.064500 ms)

========================================================================
Received Import Request.
  Time since last request: 80.148533 seconds.
  path: Assets/Prefabs/Ammo/Cannon Ball.prefab
  artifactKey: Guid(85df53ae83b31e4428ecdf110623c6f7) Importer(815301076,1909f56bfc062723c751e8b465ee728b)
Start importing Assets/Prefabs/Ammo/Cannon Ball.prefab using Guid(85df53ae83b31e4428ecdf110623c6f7) Importer(815301076,1909f56bfc062723c751e8b465ee728b)  -> (artifact id: '86fe1a720e8432aab814fd223cf053f1') in 0.054631 seconds
  Import took 0.057439 seconds .

========================================================================
Received Import Request.
  Time since last request: 7.587223 seconds.
  path: Assets/Prefabs/Ammo/Cannon Ball.prefab
  artifactKey: Guid(85df53ae83b31e4428ecdf110623c6f7) Importer(815301076,1909f56bfc062723c751e8b465ee728b)
Start importing Assets/Prefabs/Ammo/Cannon Ball.prefab using Guid(85df53ae83b31e4428ecdf110623c6f7) Importer(815301076,1909f56bfc062723c751e8b465ee728b)  -> (artifact id: 'bb08eb966fbf9be00b95b1bcccf17811') in 0.018066 seconds
  Import took 0.039118 seconds .

========================================================================
Received Prepare
Registering precompiled user dll's ...
Registered in 0.004543 seconds.
Begin MonoManager ReloadAssembly
Native extension for WindowsStandalone target not found
Native extension for WebGL target not found
Refreshing native plugins compatible for Editor in 0.35 ms, found 2 plugins.
Preloading 0 native plugins for Editor in 0.00 ms.
Mono: successfully reloaded assembly
- Completed reload, in  1.118 seconds
Platform modules already initialized, skipping
Refreshing native plugins compatible for Editor in 0.35 ms, found 2 plugins.
Preloading 0 native plugins for Editor in 0.00 ms.
Unloading 1395 Unused Serialized files (Serialized files now loaded: 0)
System memory in use before: 68.5 MB.
System memory in use after: 68.6 MB.

Unloading 14 unused Assets to reduce memory usage. Loaded Objects now: 1906.
Total: 1.993700 ms (FindLiveObjects: 0.160100 ms CreateObjectMapping: 0.034500 ms MarkObjects: 1.739000 ms  DeleteObjects: 0.058700 ms)

AssetImportWorkerClient::OnTransportError - code=2 error=End of file
